{"level":"error","message":"Tue Jun 27 2023 08:19:21 GMT+0700 (Indochina Time)-{\"name\":\"Data Not found\",\"statusCode\":500,\"isOperational\":true}","private":true}
{"level":"error","message":"Tue Jun 27 2023 08:20:13 GMT+0700 (Indochina Time)-{\"name\":\"Data Not found\",\"statusCode\":500,\"isOperational\":true}","private":true}
{"level":"error","message":"Tue Jun 27 2023 09:12:32 GMT+0700 (Indochina Time)-{\"name\":\"Data Not found\",\"statusCode\":500,\"isOperational\":true}","private":true}
{"level":"error","message":"Tue Jun 27 2023 09:22:25 GMT+0700 (Indochina Time)-{\"name\":\"Data Not found\",\"statusCode\":500,\"isOperational\":true}","private":true}
{"level":"error","message":"Tue Jun 27 2023 09:22:27 GMT+0700 (Indochina Time)-{\"name\":\"Data Not found\",\"statusCode\":500,\"isOperational\":true}","private":true}
{"level":"error","message":"Tue Jun 27 2023 09:26:05 GMT+0700 (Indochina Time)-{\"name\":\"Data Not found\",\"statusCode\":500,\"isOperational\":true}","private":true}
{"level":"error","message":"Tue Jun 27 2023 09:58:04 GMT+0700 (Indochina Time)-{\"name\":\"Data Not found\",\"statusCode\":500,\"isOperational\":true}","private":true}
{"level":"error","message":"Tue Jun 27 2023 10:22:35 GMT+0700 (Indochina Time)-{\"name\":\"Data Not found\",\"statusCode\":500,\"isOperational\":true}","private":true}
{"level":"error","message":"Tue Jun 27 2023 10:23:23 GMT+0700 (Indochina Time)-{\"name\":\"Data Not found\",\"statusCode\":500,\"isOperational\":true}","private":true}
{"level":"error","message":"Tue Jun 27 2023 10:42:40 GMT+0700 (Indochina Time)-{\"name\":\"Data Not found\",\"statusCode\":500,\"isOperational\":true}","private":true}
{"level":"error","message":"Tue Jun 27 2023 11:18:56 GMT+0700 (Indochina Time)-{\"name\":\"Data Not found\",\"statusCode\":{\"name\":\"API Error\",\"statusCode\":500,\"isOperational\":true},\"isOperational\":true}","private":true}
{"level":"error","message":"Tue Jun 27 2023 11:20:59 GMT+0700 (Indochina Time)-{\"name\":\"Data Not found\",\"statusCode\":{\"name\":\"API Error\",\"statusCode\":500,\"isOperational\":true},\"isOperational\":true}","private":true}
{"level":"error","message":"Tue Jun 27 2023 11:33:15 GMT+0700 (Indochina Time)-{}","private":true}
{"level":"error","message":"Tue Jun 27 2023 13:44:36 GMT+0700 (Indochina Time)-{\"name\":\"Data Not found\",\"statusCode\":{\"name\":\"API Error\",\"statusCode\":500,\"isOperational\":true},\"isOperational\":true}","private":true}
{"level":"error","message":"Tue Jun 27 2023 13:46:29 GMT+0700 (Indochina Time)-{\"name\":\"Data Not found\",\"statusCode\":{\"name\":\"API Error\",\"statusCode\":500,\"isOperational\":true},\"isOperational\":true}","private":true}
{"level":"error","message":"Tue Jun 27 2023 14:13:13 GMT+0700 (Indochina Time)-{\"name\":\"Data Not found\",\"statusCode\":{\"name\":\"API Error\",\"statusCode\":500,\"isOperational\":true},\"isOperational\":true}","private":true}
{"level":"error","message":"Tue Jun 27 2023 14:14:08 GMT+0700 (Indochina Time)-{\"name\":\"Data Not found\",\"statusCode\":{\"name\":\"API Error\",\"statusCode\":500,\"isOperational\":true},\"isOperational\":true}","private":true}
{"level":"error","message":"Tue Jun 27 2023 14:14:31 GMT+0700 (Indochina Time)-{\"name\":\"Data Not found\",\"statusCode\":{\"name\":\"API Error\",\"statusCode\":500,\"isOperational\":true},\"isOperational\":true}","private":true}
{"level":"error","message":"Tue Jun 27 2023 14:15:28 GMT+0700 (Indochina Time)-{\"name\":\"Data Not found\",\"statusCode\":{\"name\":\"API Error\",\"statusCode\":500,\"isOperational\":true},\"isOperational\":true}","private":true}
{"level":"error","message":"Tue Jun 27 2023 14:17:03 GMT+0700 (Indochina Time)-{\"name\":\"Data Not found\",\"statusCode\":{\"name\":\"API Error\",\"statusCode\":500,\"isOperational\":true},\"isOperational\":true}","private":true}
{"level":"error","message":"Tue Jun 27 2023 14:17:36 GMT+0700 (Indochina Time)-{\"name\":\"Data Not found\",\"statusCode\":{\"name\":\"API Error\",\"statusCode\":500,\"isOperational\":true},\"isOperational\":true}","private":true}
{"level":"error","message":"Tue Jun 27 2023 14:19:28 GMT+0700 (Indochina Time)-{\"name\":\"Data Not found\",\"statusCode\":{\"name\":\"API Error\",\"statusCode\":500,\"isOperational\":true},\"isOperational\":true}","private":true}
{"level":"error","message":"Tue Jun 27 2023 14:20:15 GMT+0700 (Indochina Time)-{\"name\":\"Data Not found\",\"statusCode\":{\"name\":\"API Error\",\"statusCode\":500,\"isOperational\":true},\"isOperational\":true}","private":true}
{"level":"error","message":"Tue Jun 27 2023 14:36:50 GMT+0700 (Indochina Time)-{\"name\":\"Data Not found\",\"statusCode\":{\"name\":\"API Error\",\"statusCode\":500,\"isOperational\":true},\"isOperational\":true}","private":true}
{"level":"error","message":"Tue Jun 27 2023 14:37:28 GMT+0700 (Indochina Time)-{\"name\":\"Data Not found\",\"statusCode\":{\"name\":\"API Error\",\"statusCode\":500,\"isOperational\":true},\"isOperational\":true}","private":true}
{"level":"error","message":"Tue Jun 27 2023 14:40:18 GMT+0700 (Indochina Time)-{\"name\":\"Data Not found\",\"statusCode\":{\"name\":\"API Error\",\"statusCode\":500,\"isOperational\":true},\"isOperational\":true}","private":true}
{"level":"error","message":"Tue Jun 27 2023 14:42:11 GMT+0700 (Indochina Time)-{\"name\":\"Data Not found\",\"statusCode\":{\"name\":\"API Error\",\"statusCode\":500,\"isOperational\":true},\"isOperational\":true}","private":true}
{"level":"error","message":"Tue Jun 27 2023 14:43:48 GMT+0700 (Indochina Time)-{\"name\":\"Data Not found\",\"statusCode\":{\"name\":\"API Error\",\"statusCode\":500,\"isOperational\":true},\"isOperational\":true}","private":true}
{"level":"error","message":"Tue Jun 27 2023 14:44:40 GMT+0700 (Indochina Time)-{\"name\":\"Data Not found\",\"statusCode\":{\"name\":\"API Error\",\"statusCode\":500,\"isOperational\":true},\"isOperational\":true}","private":true}
{"level":"error","message":"Tue Jun 27 2023 15:32:38 GMT+0700 (Indochina Time)-{\"name\":\"Data Not found\",\"statusCode\":500,\"isOperational\":true}","private":true}
{"level":"error","message":"Tue Jun 27 2023 15:32:43 GMT+0700 (Indochina Time)-{\"name\":\"Data Not found\",\"statusCode\":500,\"isOperational\":true}","private":true}
{"level":"error","message":"Tue Jun 27 2023 15:34:11 GMT+0700 (Indochina Time)-{\"view\":{\"defaultEngine\":\"ejs\",\"ext\":\".ejs\",\"name\":\"index\",\"root\":\"views\"}}","private":true}
{"level":"error","message":"Tue Jun 27 2023 15:37:37 GMT+0700 (Indochina Time)-{\"name\":\"Data Not found\",\"statusCode\":500,\"isOperational\":true}","private":true}
{"level":"error","message":"Tue Jun 27 2023 15:40:17 GMT+0700 (Indochina Time)-{\"view\":{\"defaultEngine\":\"ejs\",\"ext\":\".ejs\",\"name\":\"index\",\"root\":\"./views\"}}","private":true}
{"level":"error","message":"Tue Jun 27 2023 15:40:56 GMT+0700 (Indochina Time)-{\"view\":{\"defaultEngine\":\"ejs\",\"ext\":\".ejs\",\"name\":\"index\",\"root\":\"/Users/NguyenThao/Downloads/vmodemo/Grocery_Online_Shopping_App/online_shopping_monolithic/views\"}}","private":true}
{"level":"error","message":"Tue Jun 27 2023 15:41:39 GMT+0700 (Indochina Time)-{\"view\":{\"defaultEngine\":\"ejs\",\"ext\":\".ejs\",\"name\":\"../views/index.ejs\",\"root\":\"/Users/NguyenThao/Downloads/vmodemo/Grocery_Online_Shopping_App/online_shopping_monolithic/views\"}}","private":true}
{"level":"error","message":"Tue Jun 27 2023 15:42:39 GMT+0700 (Indochina Time)-{\"view\":{\"defaultEngine\":\"ejs\",\"ext\":\".ejs\",\"name\":\"../views/index.ejs\",\"root\":\"/Users/NguyenThao/Downloads/vmodemo/Grocery_Online_Shopping_App/online_shopping_monolithic/views\"}}","private":true}
{"level":"error","message":"Tue Jun 27 2023 15:50:08 GMT+0700 (Indochina Time)-{\"name\":\"Data Not found\",\"statusCode\":500,\"isOperational\":true}","private":true}
{"level":"error","message":"Tue Jun 27 2023 15:51:02 GMT+0700 (Indochina Time)-{\"name\":\"Data Not found\",\"statusCode\":500,\"isOperational\":true}","private":true}
{"level":"error","message":"Tue Jun 27 2023 17:17:55 GMT+0700 (Indochina Time)-{\"name\":\"Data Not found\",\"statusCode\":500,\"isOperational\":true}","private":true}
{"level":"error","message":"Tue Jun 27 2023 17:18:22 GMT+0700 (Indochina Time)-{\"name\":\"Data Not found\",\"statusCode\":500,\"isOperational\":true}","private":true}
{"level":"error","message":"Tue Jun 27 2023 17:18:25 GMT+0700 (Indochina Time)-{\"name\":\"Data Not found\",\"statusCode\":500,\"isOperational\":true}","private":true}
{"level":"error","message":"Tue Jun 27 2023 17:18:44 GMT+0700 (Indochina Time)-{\"name\":\"Data Not found\",\"statusCode\":500,\"isOperational\":true}","private":true}
{"level":"error","message":"Tue Jun 27 2023 17:20:06 GMT+0700 (Indochina Time)-{\"name\":\"Data Not found\",\"statusCode\":500,\"isOperational\":true}","private":true}
{"level":"error","message":"Tue Jun 27 2023 17:28:52 GMT+0700 (Indochina Time)-{\"name\":\"Data Not found\",\"statusCode\":500,\"isOperational\":true}","private":true}
{"level":"error","message":"Tue Jun 27 2023 17:29:09 GMT+0700 (Indochina Time)-{\"name\":\"Data Not found\",\"statusCode\":500,\"isOperational\":true}","private":true}
{"level":"error","message":"Tue Jun 27 2023 17:29:38 GMT+0700 (Indochina Time)-{\"name\":\"Data Not found\",\"statusCode\":500,\"isOperational\":true}","private":true}
{"level":"error","message":"Tue Jun 27 2023 17:30:16 GMT+0700 (Indochina Time)-{\"name\":\"Data Not found\",\"statusCode\":500,\"isOperational\":true}","private":true}
{"level":"error","message":"Tue Jun 27 2023 17:31:18 GMT+0700 (Indochina Time)-{\"name\":\"Data Not found\",\"statusCode\":500,\"isOperational\":true}","private":true}
{"level":"error","message":"Tue Jun 27 2023 17:36:51 GMT+0700 (Indochina Time)-{\"name\":\"Data Not found\",\"statusCode\":500,\"isOperational\":true}","private":true}
{"level":"error","message":"Tue Jun 27 2023 17:41:22 GMT+0700 (Indochina Time)-{\"name\":\"Data Not found\",\"statusCode\":500,\"isOperational\":true}","private":true}
{"level":"error","message":"Tue Jun 27 2023 17:45:19 GMT+0700 (Indochina Time)-{\"name\":\"Data Not found\",\"statusCode\":500,\"isOperational\":true}","private":true}
{"level":"error","message":"Tue Jun 27 2023 17:46:10 GMT+0700 (Indochina Time)-{\"name\":\"Data Not found\",\"statusCode\":500,\"isOperational\":true}","private":true}
{"level":"error","message":"Tue Jun 27 2023 17:46:27 GMT+0700 (Indochina Time)-{\"name\":\"Data Not found\",\"statusCode\":500,\"isOperational\":true}","private":true}
{"level":"error","message":"Tue Jun 27 2023 17:53:28 GMT+0700 (Indochina Time)-{\"name\":\"Data Not found\",\"statusCode\":500,\"isOperational\":true}","private":true}
{"level":"error","message":"Tue Jun 27 2023 17:58:49 GMT+0700 (Indochina Time)-{\"name\":\"Data Not found\",\"statusCode\":500,\"isOperational\":true}","private":true}
{"level":"error","message":"Tue Jun 27 2023 18:01:25 GMT+0700 (Indochina Time)-{\"name\":\"Data Not found\",\"statusCode\":500,\"isOperational\":true}","private":true}
{"level":"error","message":"Tue Jun 27 2023 18:04:20 GMT+0700 (Indochina Time)-{\"name\":\"Data Not found\",\"statusCode\":500,\"isOperational\":true}","private":true}
{"level":"error","message":"Tue Jun 27 2023 20:11:04 GMT+0700 (Indochina Time)-{\"name\":\"Data Not found\",\"statusCode\":500,\"isOperational\":true}","private":true}
{"level":"error","message":"Tue Jun 27 2023 20:12:13 GMT+0700 (Indochina Time)-{\"code\":\"ERR_HTTP_HEADERS_SENT\"}","private":true}
{"level":"error","message":"Tue Jun 27 2023 20:12:54 GMT+0700 (Indochina Time)-{\"name\":\"Data Not found\",\"statusCode\":500,\"isOperational\":true}","private":true}
{"level":"error","message":"Tue Jun 27 2023 20:15:20 GMT+0700 (Indochina Time)-{\"name\":\"Data Not found\",\"statusCode\":500,\"isOperational\":true}","private":true}
{"level":"error","message":"Tue Jun 27 2023 20:18:33 GMT+0700 (Indochina Time)-{}","private":true}
{"level":"error","message":"Tue Jun 27 2023 20:24:10 GMT+0700 (Indochina Time)-{\"name\":\"Data Not found\",\"statusCode\":500,\"isOperational\":true}","private":true}
{"level":"error","message":"Tue Jun 27 2023 20:31:20 GMT+0700 (Indochina Time)-{\"name\":\"Data Not found\",\"statusCode\":500,\"isOperational\":true}","private":true}
{"level":"error","message":"Tue Jun 27 2023 20:33:27 GMT+0700 (Indochina Time)-{\"name\":\"Data Not found\",\"statusCode\":500,\"isOperational\":true}","private":true}
{"level":"error","message":"Tue Jun 27 2023 20:33:27 GMT+0700 (Indochina Time)-{\"name\":\"Data Not found\",\"statusCode\":500,\"isOperational\":true}","private":true}
{"level":"error","message":"Tue Jun 27 2023 20:33:27 GMT+0700 (Indochina Time)-{\"name\":\"Data Not found\",\"statusCode\":500,\"isOperational\":true}","private":true}
{"level":"error","message":"Tue Jun 27 2023 20:42:05 GMT+0700 (Indochina Time)-{}","private":true}
{"level":"error","message":"Tue Jun 27 2023 20:52:14 GMT+0700 (Indochina Time)-{\"name\":\"Data Not found\",\"statusCode\":500,\"isOperational\":true}","private":true}
{"level":"error","message":"Tue Jun 27 2023 20:52:14 GMT+0700 (Indochina Time)-{\"name\":\"Data Not found\",\"statusCode\":500,\"isOperational\":true}","private":true}
{"level":"error","message":"Tue Jun 27 2023 20:52:15 GMT+0700 (Indochina Time)-{\"name\":\"Data Not found\",\"statusCode\":500,\"isOperational\":true}","private":true}
{"level":"error","message":"Tue Jun 27 2023 20:52:49 GMT+0700 (Indochina Time)-{\"name\":\"Data Not found\",\"statusCode\":500,\"isOperational\":true}","private":true}
{"level":"error","message":"Tue Jun 27 2023 20:52:49 GMT+0700 (Indochina Time)-{\"name\":\"Data Not found\",\"statusCode\":500,\"isOperational\":true}","private":true}
{"level":"error","message":"Tue Jun 27 2023 20:55:31 GMT+0700 (Indochina Time)-{\"name\":\"Data Not found\",\"statusCode\":500,\"isOperational\":true}","private":true}
{"level":"error","message":"Tue Jun 27 2023 20:55:31 GMT+0700 (Indochina Time)-{\"name\":\"Data Not found\",\"statusCode\":500,\"isOperational\":true}","private":true}
{"level":"error","message":"Tue Jun 27 2023 20:55:31 GMT+0700 (Indochina Time)-{\"name\":\"Data Not found\",\"statusCode\":500,\"isOperational\":true}","private":true}
{"level":"error","message":"Tue Jun 27 2023 20:57:03 GMT+0700 (Indochina Time)-{\"name\":\"Data Not found\",\"statusCode\":500,\"isOperational\":true}","private":true}
{"level":"error","message":"Tue Jun 27 2023 21:00:13 GMT+0700 (Indochina Time)-{\"name\":\"Data Not found\",\"statusCode\":500,\"isOperational\":true}","private":true}
{"level":"error","message":"Tue Jun 27 2023 21:04:24 GMT+0700 (Indochina Time)-{\"name\":\"Data Not found\",\"statusCode\":500,\"isOperational\":true}","private":true}
{"level":"error","message":"Tue Jun 27 2023 21:04:57 GMT+0700 (Indochina Time)-{\"name\":\"Data Not found\",\"statusCode\":500,\"isOperational\":true}","private":true}
{"level":"error","message":"Tue Jun 27 2023 21:09:18 GMT+0700 (Indochina Time)-{\"name\":\"Data Not found\",\"statusCode\":500,\"isOperational\":true}","private":true}
{"level":"error","message":"Tue Jun 27 2023 21:12:00 GMT+0700 (Indochina Time)-{\"name\":\"Data Not found\",\"statusCode\":500,\"isOperational\":true}","private":true}
{"level":"error","message":"Tue Jun 27 2023 21:15:05 GMT+0700 (Indochina Time)-{\"name\":\"Data Not found\",\"statusCode\":500,\"isOperational\":true}","private":true}
{"level":"error","message":"Tue Jun 27 2023 21:16:58 GMT+0700 (Indochina Time)-{\"name\":\"Data Not found\",\"statusCode\":500,\"isOperational\":true}","private":true}
{"level":"error","message":"Tue Jun 27 2023 21:18:45 GMT+0700 (Indochina Time)-{\"name\":\"Data Not found\",\"statusCode\":500,\"isOperational\":true}","private":true}
{"level":"error","message":"Tue Jun 27 2023 21:19:21 GMT+0700 (Indochina Time)-{\"name\":\"Data Not found\",\"statusCode\":500,\"isOperational\":true}","private":true}
{"level":"error","message":"Tue Jun 27 2023 21:19:46 GMT+0700 (Indochina Time)-{\"name\":\"Data Not found\",\"statusCode\":500,\"isOperational\":true}","private":true}
{"level":"error","message":"Tue Jun 27 2023 21:26:14 GMT+0700 (Indochina Time)-{\"name\":\"Data Not found\",\"statusCode\":500,\"isOperational\":true}","private":true}
{"level":"error","message":"Tue Jun 27 2023 21:27:56 GMT+0700 (Indochina Time)-{\"name\":\"Data Not found\",\"statusCode\":500,\"isOperational\":true}","private":true}
{"level":"error","message":"Tue Jun 27 2023 21:32:10 GMT+0700 (Indochina Time)-{\"name\":\"Data Not found\",\"statusCode\":500,\"isOperational\":true}","private":true}
{"level":"error","message":"Tue Jun 27 2023 21:33:35 GMT+0700 (Indochina Time)-{\"name\":\"Data Not found\",\"statusCode\":500,\"isOperational\":true}","private":true}
{"level":"error","message":"Tue Jun 27 2023 21:35:19 GMT+0700 (Indochina Time)-{\"name\":\"Data Not found\",\"statusCode\":500,\"isOperational\":true}","private":true}
{"level":"error","message":"Tue Jun 27 2023 21:38:31 GMT+0700 (Indochina Time)-{\"name\":\"Data Not found\",\"statusCode\":500,\"isOperational\":true}","private":true}
{"level":"error","message":"Tue Jun 27 2023 21:40:45 GMT+0700 (Indochina Time)-{\"name\":\"Data Not found\",\"statusCode\":500,\"isOperational\":true}","private":true}
{"level":"error","message":"Tue Jun 27 2023 21:41:38 GMT+0700 (Indochina Time)-{\"name\":\"Data Not found\",\"statusCode\":500,\"isOperational\":true}","private":true}
{"level":"error","message":"Tue Jun 27 2023 21:44:09 GMT+0700 (Indochina Time)-{\"name\":\"Data Not found\",\"statusCode\":500,\"isOperational\":true}","private":true}
{"level":"error","message":"Tue Jun 27 2023 21:45:15 GMT+0700 (Indochina Time)-{\"name\":\"Data Not found\",\"statusCode\":500,\"isOperational\":true}","private":true}
{"level":"error","message":"Tue Jun 27 2023 21:45:37 GMT+0700 (Indochina Time)-{\"name\":\"Data Not found\",\"statusCode\":500,\"isOperational\":true}","private":true}
{"level":"error","message":"Tue Jun 27 2023 21:46:45 GMT+0700 (Indochina Time)-{\"name\":\"Data Not found\",\"statusCode\":500,\"isOperational\":true}","private":true}
{"level":"error","message":"Tue Jun 27 2023 21:47:43 GMT+0700 (Indochina Time)-{\"name\":\"Data Not found\",\"statusCode\":500,\"isOperational\":true}","private":true}
{"level":"error","message":"Tue Jun 27 2023 21:48:55 GMT+0700 (Indochina Time)-{\"name\":\"Data Not found\",\"statusCode\":500,\"isOperational\":true}","private":true}
{"level":"error","message":"Tue Jun 27 2023 21:49:27 GMT+0700 (Indochina Time)-{\"name\":\"Data Not found\",\"statusCode\":500,\"isOperational\":true}","private":true}
{"level":"error","message":"Tue Jun 27 2023 21:49:57 GMT+0700 (Indochina Time)-{\"name\":\"Data Not found\",\"statusCode\":500,\"isOperational\":true}","private":true}
{"level":"error","message":"Tue Jun 27 2023 21:59:34 GMT+0700 (Indochina Time)-{\"name\":\"Data Not found\",\"statusCode\":500,\"isOperational\":true}","private":true}
{"level":"error","message":"Tue Jun 27 2023 22:00:01 GMT+0700 (Indochina Time)-{\"name\":\"Data Not found\",\"statusCode\":500,\"isOperational\":true}","private":true}
{"level":"error","message":"Tue Jun 27 2023 22:06:15 GMT+0700 (Indochina Time)-{\"name\":\"Data Not found\",\"statusCode\":500,\"isOperational\":true}","private":true}
{"level":"error","message":"Tue Jun 27 2023 22:09:20 GMT+0700 (Indochina Time)-{\"name\":\"Data Not found\",\"statusCode\":500,\"isOperational\":true}","private":true}
{"level":"error","message":"Tue Jun 27 2023 22:50:12 GMT+0700 (Indochina Time)-{\"name\":\"Data Not found\",\"statusCode\":500,\"isOperational\":true}","private":true}
{"level":"error","message":"Tue Jun 27 2023 22:53:14 GMT+0700 (Indochina Time)-{\"name\":\"Data Not found\",\"statusCode\":500,\"isOperational\":true}","private":true}
{"level":"error","message":"Tue Jun 27 2023 22:58:07 GMT+0700 (Indochina Time)-{\"name\":\"Data Not found\",\"statusCode\":500,\"isOperational\":true}","private":true}
{"level":"error","message":"Tue Jun 27 2023 22:59:40 GMT+0700 (Indochina Time)-{\"name\":\"Data Not found\",\"statusCode\":500,\"isOperational\":true}","private":true}
{"level":"error","message":"Tue Jun 27 2023 23:00:53 GMT+0700 (Indochina Time)-{\"name\":\"Data Not found\",\"statusCode\":500,\"isOperational\":true}","private":true}
{"level":"error","message":"Tue Jun 27 2023 23:00:55 GMT+0700 (Indochina Time)-{\"name\":\"Data Not found\",\"statusCode\":500,\"isOperational\":true}","private":true}
{"level":"error","message":"Tue Jun 27 2023 23:00:59 GMT+0700 (Indochina Time)-{\"name\":\"Data Not found\",\"statusCode\":500,\"isOperational\":true}","private":true}
{"level":"error","message":"Tue Jun 27 2023 23:01:01 GMT+0700 (Indochina Time)-{\"name\":\"Data Not found\",\"statusCode\":500,\"isOperational\":true}","private":true}
{"level":"error","message":"Tue Jun 27 2023 23:01:04 GMT+0700 (Indochina Time)-{\"name\":\"Data Not found\",\"statusCode\":500,\"isOperational\":true}","private":true}
{"level":"error","message":"Tue Jun 27 2023 23:01:06 GMT+0700 (Indochina Time)-{\"name\":\"Data Not found\",\"statusCode\":500,\"isOperational\":true}","private":true}
{"level":"error","message":"Tue Jun 27 2023 23:01:08 GMT+0700 (Indochina Time)-{\"name\":\"Data Not found\",\"statusCode\":500,\"isOperational\":true}","private":true}
{"level":"error","message":"Tue Jun 27 2023 23:01:09 GMT+0700 (Indochina Time)-{\"name\":\"Data Not found\",\"statusCode\":500,\"isOperational\":true}","private":true}
{"level":"error","message":"Tue Jun 27 2023 23:01:13 GMT+0700 (Indochina Time)-{\"name\":\"Data Not found\",\"statusCode\":500,\"isOperational\":true}","private":true}
{"level":"error","message":"Tue Jun 27 2023 23:01:17 GMT+0700 (Indochina Time)-{\"name\":\"Data Not found\",\"statusCode\":500,\"isOperational\":true}","private":true}
{"level":"error","message":"Tue Jun 27 2023 23:01:20 GMT+0700 (Indochina Time)-{\"name\":\"Data Not found\",\"statusCode\":500,\"isOperational\":true}","private":true}
{"level":"error","message":"Tue Jun 27 2023 23:05:44 GMT+0700 (Indochina Time)-{\"path\":\"/Users/NguyenThao/Downloads/vmodemo/Grocery_Online_Shopping_App/online_shopping_monolithic/src/views/productsType.ejs\"}","private":true}
{"level":"error","message":"Tue Jun 27 2023 23:06:29 GMT+0700 (Indochina Time)-{\"name\":\"Data Not found\",\"statusCode\":500,\"isOperational\":true}","private":true}
{"level":"error","message":"Tue Jun 27 2023 23:06:53 GMT+0700 (Indochina Time)-{\"name\":\"Data Not found\",\"statusCode\":500,\"isOperational\":true}","private":true}
{"level":"error","message":"Tue Jun 27 2023 23:08:18 GMT+0700 (Indochina Time)-{\"name\":\"Data Not found\",\"statusCode\":500,\"isOperational\":true}","private":true}
{"level":"error","message":"Tue Jun 27 2023 23:09:19 GMT+0700 (Indochina Time)-{\"name\":\"Data Not found\",\"statusCode\":500,\"isOperational\":true}","private":true}
{"level":"error","message":"Tue Jun 27 2023 23:09:54 GMT+0700 (Indochina Time)-{\"name\":\"Data Not found\",\"statusCode\":500,\"isOperational\":true}","private":true}
{"level":"error","message":"Tue Jun 27 2023 23:10:27 GMT+0700 (Indochina Time)-{\"name\":\"Data Not found\",\"statusCode\":500,\"isOperational\":true}","private":true}
{"level":"error","message":"Tue Jun 27 2023 23:10:42 GMT+0700 (Indochina Time)-{\"name\":\"Data Not found\",\"statusCode\":500,\"isOperational\":true}","private":true}
{"level":"error","message":"Tue Jun 27 2023 23:14:26 GMT+0700 (Indochina Time)-{\"name\":\"Data Not found\",\"statusCode\":500,\"isOperational\":true}","private":true}
{"level":"error","message":"Tue Jun 27 2023 23:16:12 GMT+0700 (Indochina Time)-{\"name\":\"Data Not found\",\"statusCode\":500,\"isOperational\":true}","private":true}
{"level":"error","message":"Tue Jun 27 2023 23:16:49 GMT+0700 (Indochina Time)-{\"name\":\"Data Not found\",\"statusCode\":500,\"isOperational\":true}","private":true}
{"level":"error","message":"Tue Jun 27 2023 23:17:26 GMT+0700 (Indochina Time)-{\"name\":\"Data Not found\",\"statusCode\":500,\"isOperational\":true}","private":true}
{"level":"error","message":"Tue Jun 27 2023 23:17:39 GMT+0700 (Indochina Time)-{\"name\":\"Data Not found\",\"statusCode\":500,\"isOperational\":true}","private":true}
{"level":"error","message":"Tue Jun 27 2023 23:19:00 GMT+0700 (Indochina Time)-{\"name\":\"Data Not found\",\"statusCode\":500,\"isOperational\":true}","private":true}
{"level":"error","message":"Tue Jun 27 2023 23:19:15 GMT+0700 (Indochina Time)-{\"name\":\"Data Not found\",\"statusCode\":500,\"isOperational\":true}","private":true}
{"level":"error","message":"Tue Jun 27 2023 23:20:24 GMT+0700 (Indochina Time)-{\"name\":\"Data Not found\",\"statusCode\":500,\"isOperational\":true}","private":true}
{"level":"error","message":"Tue Jun 27 2023 23:20:31 GMT+0700 (Indochina Time)-{\"name\":\"Data Not found\",\"statusCode\":500,\"isOperational\":true}","private":true}
{"level":"error","message":"Tue Jun 27 2023 23:21:33 GMT+0700 (Indochina Time)-{\"name\":\"Data Not found\",\"statusCode\":500,\"isOperational\":true}","private":true}
{"level":"error","message":"Tue Jun 27 2023 23:23:55 GMT+0700 (Indochina Time)-{\"name\":\"Data Not found\",\"statusCode\":500,\"isOperational\":true}","private":true}
{"level":"error","message":"Tue Jun 27 2023 23:25:15 GMT+0700 (Indochina Time)-{\"name\":\"Data Not found\",\"statusCode\":500,\"isOperational\":true}","private":true}
{"level":"error","message":"Tue Jun 27 2023 23:25:53 GMT+0700 (Indochina Time)-{\"name\":\"Data Not found\",\"statusCode\":500,\"isOperational\":true}","private":true}
{"level":"error","message":"Tue Jun 27 2023 23:34:58 GMT+0700 (Indochina Time)-{\"name\":\"Data Not found\",\"statusCode\":500,\"isOperational\":true}","private":true}
{"level":"error","message":"Tue Jun 27 2023 23:35:40 GMT+0700 (Indochina Time)-{\"name\":\"Data Not found\",\"statusCode\":500,\"isOperational\":true}","private":true}
{"level":"error","message":"Tue Jun 27 2023 23:36:51 GMT+0700 (Indochina Time)-{\"name\":\"Data Not found\",\"statusCode\":500,\"isOperational\":true}","private":true}
{"level":"error","message":"Tue Jun 27 2023 23:37:35 GMT+0700 (Indochina Time)-{\"name\":\"Data Not found\",\"statusCode\":500,\"isOperational\":true}","private":true}
{"level":"error","message":"Tue Jun 27 2023 23:39:12 GMT+0700 (Indochina Time)-{\"name\":\"Data Not found\",\"statusCode\":500,\"isOperational\":true}","private":true}
{"level":"error","message":"Tue Jun 27 2023 23:49:49 GMT+0700 (Indochina Time)-{\"name\":\"Data Not found\",\"statusCode\":500,\"isOperational\":true}","private":true}
{"level":"error","message":"Tue Jun 27 2023 23:50:08 GMT+0700 (Indochina Time)-{\"name\":\"Data Not found\",\"statusCode\":500,\"isOperational\":true}","private":true}
{"level":"error","message":"Tue Jun 27 2023 23:51:30 GMT+0700 (Indochina Time)-{\"name\":\"Data Not found\",\"statusCode\":500,\"isOperational\":true}","private":true}
{"level":"error","message":"Tue Jun 27 2023 23:58:17 GMT+0700 (Indochina Time)-{\"name\":\"Data Not found\",\"statusCode\":500,\"isOperational\":true}","private":true}
{"level":"error","message":"Wed Jun 28 2023 00:00:35 GMT+0700 (Indochina Time)-{\"name\":\"Data Not found\",\"statusCode\":500,\"isOperational\":true}","private":true}
{"level":"error","message":"Wed Jun 28 2023 00:00:35 GMT+0700 (Indochina Time)-{\"name\":\"Data Not found\",\"statusCode\":500,\"isOperational\":true}","private":true}
{"level":"error","message":"Wed Jun 28 2023 00:02:04 GMT+0700 (Indochina Time)-{\"name\":\"Data Not found\",\"statusCode\":500,\"isOperational\":true}","private":true}
{"level":"error","message":"Wed Jun 28 2023 00:02:21 GMT+0700 (Indochina Time)-{\"name\":\"Data Not found\",\"statusCode\":500,\"isOperational\":true}","private":true}
{"level":"error","message":"Wed Jun 28 2023 00:02:21 GMT+0700 (Indochina Time)-{\"name\":\"Data Not found\",\"statusCode\":500,\"isOperational\":true}","private":true}
{"level":"error","message":"Wed Jun 28 2023 00:03:19 GMT+0700 (Indochina Time)-{\"name\":\"Data Not found\",\"statusCode\":500,\"isOperational\":true}","private":true}
{"level":"error","message":"Wed Jun 28 2023 00:03:40 GMT+0700 (Indochina Time)-{\"name\":\"Data Not found\",\"statusCode\":500,\"isOperational\":true}","private":true}
{"level":"error","message":"Wed Jun 28 2023 00:03:40 GMT+0700 (Indochina Time)-{\"name\":\"Data Not found\",\"statusCode\":500,\"isOperational\":true}","private":true}
{"level":"error","message":"Wed Jun 28 2023 00:04:14 GMT+0700 (Indochina Time)-{\"name\":\"Data Not found\",\"statusCode\":500,\"isOperational\":true}","private":true}
{"level":"error","message":"Wed Jun 28 2023 00:05:39 GMT+0700 (Indochina Time)-{\"name\":\"Data Not found\",\"statusCode\":500,\"isOperational\":true}","private":true}
{"level":"error","message":"Wed Jun 28 2023 00:05:39 GMT+0700 (Indochina Time)-{\"name\":\"Data Not found\",\"statusCode\":500,\"isOperational\":true}","private":true}
{"level":"error","message":"Wed Jun 28 2023 00:07:05 GMT+0700 (Indochina Time)-{\"name\":\"Data Not found\",\"statusCode\":500,\"isOperational\":true}","private":true}
{"level":"error","message":"Wed Jun 28 2023 00:07:07 GMT+0700 (Indochina Time)-{}","private":true}
{"level":"error","message":"Wed Jun 28 2023 00:07:24 GMT+0700 (Indochina Time)-{\"name\":\"Data Not found\",\"statusCode\":500,\"isOperational\":true}","private":true}
{"level":"error","message":"Wed Jun 28 2023 00:07:26 GMT+0700 (Indochina Time)-{}","private":true}
{"level":"error","message":"Wed Jun 28 2023 00:08:04 GMT+0700 (Indochina Time)-{\"name\":\"Data Not found\",\"statusCode\":500,\"isOperational\":true}","private":true}
{"level":"error","message":"Wed Jun 28 2023 00:08:07 GMT+0700 (Indochina Time)-{\"name\":\"Data Not found\",\"statusCode\":500,\"isOperational\":true}","private":true}
{"level":"error","message":"Wed Jun 28 2023 00:14:16 GMT+0700 (Indochina Time)-{\"name\":\"Data Not found\",\"statusCode\":500,\"isOperational\":true}","private":true}
{"level":"error","message":"Wed Jun 28 2023 00:14:23 GMT+0700 (Indochina Time)-{\"name\":\"Data Not found\",\"statusCode\":500,\"isOperational\":true}","private":true}
{"level":"error","message":"Wed Jun 28 2023 00:16:37 GMT+0700 (Indochina Time)-{\"name\":\"Data Not found\",\"statusCode\":500,\"isOperational\":true}","private":true}
{"level":"error","message":"Wed Jun 28 2023 10:08:25 GMT+0700 (Indochina Time)-{\"name\":\"Data Not found\",\"statusCode\":500,\"isOperational\":true}","private":true}
{"level":"error","message":"Wed Jun 28 2023 10:09:45 GMT+0700 (Indochina Time)-{\"name\":\"Data Not found\",\"statusCode\":500,\"isOperational\":true}","private":true}
{"level":"error","message":"Wed Jun 28 2023 10:11:01 GMT+0700 (Indochina Time)-{\"name\":\"Data Not found\",\"statusCode\":500,\"isOperational\":true}","private":true}
{"level":"error","message":"Wed Jun 28 2023 10:11:04 GMT+0700 (Indochina Time)-{\"name\":\"Data Not found\",\"statusCode\":500,\"isOperational\":true}","private":true}
{"level":"error","message":"Wed Jun 28 2023 10:11:31 GMT+0700 (Indochina Time)-{\"name\":\"Data Not found\",\"statusCode\":500,\"isOperational\":true}","private":true}
{"level":"error","message":"Wed Jun 28 2023 10:11:35 GMT+0700 (Indochina Time)-{\"name\":\"Data Not found\",\"statusCode\":500,\"isOperational\":true}","private":true}
{"level":"error","message":"Wed Jun 28 2023 10:14:27 GMT+0700 (Indochina Time)-{\"name\":\"Data Not found\",\"statusCode\":500,\"isOperational\":true}","private":true}
{"level":"error","message":"Wed Jun 28 2023 10:15:52 GMT+0700 (Indochina Time)-{\"name\":\"Data Not found\",\"statusCode\":500,\"isOperational\":true}","private":true}
{"level":"error","message":"Wed Jun 28 2023 10:16:30 GMT+0700 (Indochina Time)-{\"name\":\"Data Not found\",\"statusCode\":500,\"isOperational\":true}","private":true}
{"level":"error","message":"Wed Jun 28 2023 10:19:10 GMT+0700 (Indochina Time)-{\"name\":\"Data Not found\",\"statusCode\":500,\"isOperational\":true}","private":true}
{"level":"error","message":"Wed Jun 28 2023 10:19:32 GMT+0700 (Indochina Time)-{\"name\":\"Data Not found\",\"statusCode\":500,\"isOperational\":true}","private":true}
{"level":"error","message":"Wed Jun 28 2023 10:27:16 GMT+0700 (Indochina Time)-{\"name\":\"Data Not found\",\"statusCode\":500,\"isOperational\":true}","private":true}
{"level":"error","message":"Wed Jun 28 2023 10:29:09 GMT+0700 (Indochina Time)-{\"name\":\"Data Not found\",\"statusCode\":500,\"isOperational\":true}","private":true}
{"level":"error","message":"Wed Jun 28 2023 10:29:12 GMT+0700 (Indochina Time)-{\"name\":\"Data Not found\",\"statusCode\":500,\"isOperational\":true}","private":true}
{"level":"error","message":"Wed Jun 28 2023 10:31:49 GMT+0700 (Indochina Time)-{\"name\":\"Data Not found\",\"statusCode\":500,\"isOperational\":true}","private":true}
{"level":"error","message":"Wed Jun 28 2023 10:32:44 GMT+0700 (Indochina Time)-{\"name\":\"Data Not found\",\"statusCode\":500,\"isOperational\":true}","private":true}
{"level":"error","message":"Wed Jun 28 2023 10:33:51 GMT+0700 (Indochina Time)-{\"name\":\"Data Not found\",\"statusCode\":500,\"isOperational\":true}","private":true}
{"level":"error","message":"Wed Jun 28 2023 10:38:24 GMT+0700 (Indochina Time)-{\"name\":\"Data Not found\",\"statusCode\":500,\"isOperational\":true}","private":true}
{"level":"error","message":"Wed Jun 28 2023 10:39:54 GMT+0700 (Indochina Time)-{\"name\":\"Data Not found\",\"statusCode\":500,\"isOperational\":true}","private":true}
{"level":"error","message":"Wed Jun 28 2023 10:40:33 GMT+0700 (Indochina Time)-{\"name\":\"Data Not found\",\"statusCode\":500,\"isOperational\":true}","private":true}
{"level":"error","message":"Wed Jun 28 2023 10:40:34 GMT+0700 (Indochina Time)-{\"name\":\"Data Not found\",\"statusCode\":500,\"isOperational\":true}","private":true}
{"level":"error","message":"Wed Jun 28 2023 10:42:58 GMT+0700 (Indochina Time)-{\"name\":\"Data Not found\",\"statusCode\":500,\"isOperational\":true}","private":true}
{"level":"error","message":"Wed Jun 28 2023 10:42:59 GMT+0700 (Indochina Time)-{\"name\":\"Data Not found\",\"statusCode\":500,\"isOperational\":true}","private":true}
{"level":"error","message":"Wed Jun 28 2023 10:43:19 GMT+0700 (Indochina Time)-{\"name\":\"Data Not found\",\"statusCode\":500,\"isOperational\":true}","private":true}
{"level":"error","message":"Wed Jun 28 2023 10:58:20 GMT+0700 (Indochina Time)-{\"name\":\"Data Not found\",\"statusCode\":500,\"isOperational\":true}","private":true}
{"level":"error","message":"Wed Jun 28 2023 10:58:21 GMT+0700 (Indochina Time)-{\"name\":\"Data Not found\",\"statusCode\":500,\"isOperational\":true}","private":true}
{"level":"error","message":"Wed Jun 28 2023 10:58:57 GMT+0700 (Indochina Time)-{\"name\":\"Data Not found\",\"statusCode\":500,\"isOperational\":true}","private":true}
{"level":"error","message":"Wed Jun 28 2023 10:58:59 GMT+0700 (Indochina Time)-{\"name\":\"Data Not found\",\"statusCode\":500,\"isOperational\":true}","private":true}
{"level":"error","message":"Wed Jun 28 2023 11:18:20 GMT+0700 (Indochina Time)-{\"name\":\"Data Not found\",\"statusCode\":500,\"isOperational\":true}","private":true}
{"level":"error","message":"Wed Jun 28 2023 11:18:22 GMT+0700 (Indochina Time)-{}","private":true}
{"level":"error","message":"Wed Jun 28 2023 11:18:53 GMT+0700 (Indochina Time)-{\"name\":\"Data Not found\",\"statusCode\":500,\"isOperational\":true}","private":true}
{"level":"error","message":"Wed Jun 28 2023 11:19:00 GMT+0700 (Indochina Time)-{}","private":true}
{"level":"error","message":"Wed Jun 28 2023 11:19:41 GMT+0700 (Indochina Time)-{\"name\":\"Data Not found\",\"statusCode\":500,\"isOperational\":true}","private":true}
{"level":"error","message":"Wed Jun 28 2023 11:19:42 GMT+0700 (Indochina Time)-{}","private":true}
{"level":"error","message":"Wed Jun 28 2023 11:20:13 GMT+0700 (Indochina Time)-{\"name\":\"Data Not found\",\"statusCode\":500,\"isOperational\":true}","private":true}
{"level":"error","message":"Wed Jun 28 2023 11:20:13 GMT+0700 (Indochina Time)-{\"name\":\"Data Not found\",\"statusCode\":500,\"isOperational\":true}","private":true}
{"level":"error","message":"Wed Jun 28 2023 11:20:23 GMT+0700 (Indochina Time)-{\"name\":\"Data Not found\",\"statusCode\":500,\"isOperational\":true}","private":true}
{"level":"error","message":"Wed Jun 28 2023 11:20:24 GMT+0700 (Indochina Time)-{}","private":true}
{"level":"error","message":"Wed Jun 28 2023 11:21:17 GMT+0700 (Indochina Time)-{\"name\":\"Data Not found\",\"statusCode\":500,\"isOperational\":true}","private":true}
{"level":"error","message":"Wed Jun 28 2023 11:21:18 GMT+0700 (Indochina Time)-{}","private":true}
{"level":"error","message":"Wed Jun 28 2023 11:22:20 GMT+0700 (Indochina Time)-{\"name\":\"Data Not found\",\"statusCode\":500,\"isOperational\":true}","private":true}
{"level":"error","message":"Wed Jun 28 2023 11:22:21 GMT+0700 (Indochina Time)-{}","private":true}
{"level":"error","message":"Wed Jun 28 2023 11:23:24 GMT+0700 (Indochina Time)-{\"name\":\"Data Not found\",\"statusCode\":500,\"isOperational\":true}","private":true}
{"level":"error","message":"Wed Jun 28 2023 11:23:25 GMT+0700 (Indochina Time)-{}","private":true}
{"level":"error","message":"Wed Jun 28 2023 11:27:14 GMT+0700 (Indochina Time)-{\"name\":\"Data Not found\",\"statusCode\":500,\"isOperational\":true}","private":true}
{"level":"error","message":"Wed Jun 28 2023 11:27:14 GMT+0700 (Indochina Time)-{\"name\":\"Data Not found\",\"statusCode\":500,\"isOperational\":true}","private":true}
{"level":"error","message":"Wed Jun 28 2023 11:27:16 GMT+0700 (Indochina Time)-{\"name\":\"Data Not found\",\"statusCode\":500,\"isOperational\":true}","private":true}
{"level":"error","message":"Wed Jun 28 2023 11:27:32 GMT+0700 (Indochina Time)-{}","private":true}
{"level":"error","message":"Wed Jun 28 2023 12:51:54 GMT+0700 (Indochina Time)-{\"name\":\"Data Not found\",\"statusCode\":500,\"isOperational\":true}","private":true}
{"level":"error","message":"Wed Jun 28 2023 12:56:41 GMT+0700 (Indochina Time)-{\"name\":\"Data Not found\",\"statusCode\":500,\"isOperational\":true}","private":true}
{"level":"error","message":"Wed Jun 28 2023 12:58:39 GMT+0700 (Indochina Time)-{\"name\":\"Data Not found\",\"statusCode\":500,\"isOperational\":true}","private":true}
{"level":"error","message":"Wed Jun 28 2023 12:59:06 GMT+0700 (Indochina Time)-{\"name\":\"Data Not found\",\"statusCode\":500,\"isOperational\":true}","private":true}
{"level":"error","message":"Wed Jun 28 2023 12:59:24 GMT+0700 (Indochina Time)-{\"name\":\"Data Not found\",\"statusCode\":500,\"isOperational\":true}","private":true}
{"level":"error","message":"Wed Jun 28 2023 12:59:34 GMT+0700 (Indochina Time)-{\"name\":\"Data Not found\",\"statusCode\":500,\"isOperational\":true}","private":true}
{"level":"error","message":"Wed Jun 28 2023 13:00:26 GMT+0700 (Indochina Time)-{\"name\":\"Data Not found\",\"statusCode\":500,\"isOperational\":true}","private":true}
{"level":"error","message":"Wed Jun 28 2023 13:00:26 GMT+0700 (Indochina Time)-{\"name\":\"Data Not found\",\"statusCode\":500,\"isOperational\":true}","private":true}
{"level":"error","message":"Wed Jun 28 2023 13:00:28 GMT+0700 (Indochina Time)-{\"name\":\"Data Not found\",\"statusCode\":500,\"isOperational\":true}","private":true}
{"level":"error","message":"Wed Jun 28 2023 13:00:32 GMT+0700 (Indochina Time)-{\"name\":\"Data Not found\",\"statusCode\":500,\"isOperational\":true}","private":true}
{"level":"error","message":"Wed Jun 28 2023 13:00:46 GMT+0700 (Indochina Time)-{\"name\":\"Data Not found\",\"statusCode\":500,\"isOperational\":true}","private":true}
{"level":"error","message":"Wed Jun 28 2023 13:01:40 GMT+0700 (Indochina Time)-{\"name\":\"Data Not found\",\"statusCode\":500,\"isOperational\":true}","private":true}
{"level":"error","message":"Wed Jun 28 2023 13:01:49 GMT+0700 (Indochina Time)-{\"name\":\"Data Not found\",\"statusCode\":500,\"isOperational\":true}","private":true}
{"level":"error","message":"Wed Jun 28 2023 13:01:53 GMT+0700 (Indochina Time)-{\"name\":\"Data Not found\",\"statusCode\":500,\"isOperational\":true}","private":true}
{"level":"error","message":"Wed Jun 28 2023 13:37:33 GMT+0700 (Indochina Time)-{\"name\":\"Data Not found\",\"statusCode\":500,\"isOperational\":true}","private":true}
{"level":"error","message":"Wed Jun 28 2023 13:37:39 GMT+0700 (Indochina Time)-{\"name\":\"Data Not found\",\"statusCode\":500,\"isOperational\":true}","private":true}
{"level":"error","message":"Wed Jun 28 2023 13:37:56 GMT+0700 (Indochina Time)-{\"name\":\"Data Not found\",\"statusCode\":500,\"isOperational\":true}","private":true}
{"level":"error","message":"Wed Jun 28 2023 13:38:20 GMT+0700 (Indochina Time)-{\"name\":\"Data Not found\",\"statusCode\":500,\"isOperational\":true}","private":true}
{"level":"error","message":"Wed Jun 28 2023 13:46:08 GMT+0700 (Indochina Time)-{\"name\":\"Data Not found\",\"statusCode\":500,\"isOperational\":true}","private":true}
{"level":"error","message":"Wed Jun 28 2023 13:48:07 GMT+0700 (Indochina Time)-{\"name\":\"Data Not found\",\"statusCode\":500,\"isOperational\":true}","private":true}
{"level":"error","message":"Wed Jun 28 2023 13:48:28 GMT+0700 (Indochina Time)-{\"name\":\"Data Not found\",\"statusCode\":500,\"isOperational\":true}","private":true}
{"level":"error","message":"Wed Jun 28 2023 13:48:32 GMT+0700 (Indochina Time)-{\"name\":\"Data Not found\",\"statusCode\":500,\"isOperational\":true}","private":true}
{"level":"error","message":"Wed Jun 28 2023 13:49:02 GMT+0700 (Indochina Time)-{\"name\":\"Data Not found\",\"statusCode\":500,\"isOperational\":true}","private":true}
{"level":"error","message":"Wed Jun 28 2023 13:49:59 GMT+0700 (Indochina Time)-{\"name\":\"Data Not found\",\"statusCode\":500,\"isOperational\":true}","private":true}
{"level":"error","message":"Wed Jun 28 2023 13:50:08 GMT+0700 (Indochina Time)-{\"name\":\"Data Not found\",\"statusCode\":500,\"isOperational\":true}","private":true}
{"level":"error","message":"Wed Jun 28 2023 13:50:17 GMT+0700 (Indochina Time)-{\"name\":\"Data Not found\",\"statusCode\":500,\"isOperational\":true}","private":true}
{"level":"error","message":"Wed Jun 28 2023 13:50:25 GMT+0700 (Indochina Time)-{\"name\":\"Data Not found\",\"statusCode\":500,\"isOperational\":true}","private":true}
{"level":"error","message":"Wed Jun 28 2023 13:52:13 GMT+0700 (Indochina Time)-{\"name\":\"Data Not found\",\"statusCode\":500,\"isOperational\":true}","private":true}
{"level":"error","message":"Wed Jun 28 2023 13:52:14 GMT+0700 (Indochina Time)-{\"name\":\"Data Not found\",\"statusCode\":500,\"isOperational\":true}","private":true}
{"level":"error","message":"Wed Jun 28 2023 13:53:17 GMT+0700 (Indochina Time)-{\"name\":\"Data Not found\",\"statusCode\":500,\"isOperational\":true}","private":true}
{"level":"error","message":"Wed Jun 28 2023 13:53:18 GMT+0700 (Indochina Time)-{\"name\":\"Data Not found\",\"statusCode\":500,\"isOperational\":true}","private":true}
{"level":"error","message":"Wed Jun 28 2023 13:54:04 GMT+0700 (Indochina Time)-{\"name\":\"Data Not found\",\"statusCode\":500,\"isOperational\":true}","private":true}
{"level":"error","message":"Wed Jun 28 2023 13:54:05 GMT+0700 (Indochina Time)-{\"name\":\"Data Not found\",\"statusCode\":500,\"isOperational\":true}","private":true}
{"level":"error","message":"Wed Jun 28 2023 13:55:43 GMT+0700 (Indochina Time)-{\"name\":\"Data Not found\",\"statusCode\":500,\"isOperational\":true}","private":true}
{"level":"error","message":"Wed Jun 28 2023 13:59:22 GMT+0700 (Indochina Time)-{\"name\":\"Data Not found\",\"statusCode\":500,\"isOperational\":true}","private":true}
{"level":"error","message":"Wed Jun 28 2023 13:59:24 GMT+0700 (Indochina Time)-{\"name\":\"Data Not found\",\"statusCode\":500,\"isOperational\":true}","private":true}
{"level":"error","message":"Wed Jun 28 2023 13:59:26 GMT+0700 (Indochina Time)-{\"name\":\"Data Not found\",\"statusCode\":500,\"isOperational\":true}","private":true}
{"level":"error","message":"Wed Jun 28 2023 13:59:28 GMT+0700 (Indochina Time)-{\"name\":\"Data Not found\",\"statusCode\":500,\"isOperational\":true}","private":true}
{"level":"error","message":"Wed Jun 28 2023 13:59:54 GMT+0700 (Indochina Time)-{\"name\":\"Data Not found\",\"statusCode\":500,\"isOperational\":true}","private":true}
{"level":"error","message":"Wed Jun 28 2023 13:59:57 GMT+0700 (Indochina Time)-{\"name\":\"Data Not found\",\"statusCode\":500,\"isOperational\":true}","private":true}
{"level":"error","message":"Wed Jun 28 2023 14:00:04 GMT+0700 (Indochina Time)-{\"name\":\"Data Not found\",\"statusCode\":500,\"isOperational\":true}","private":true}
{"level":"error","message":"Wed Jun 28 2023 14:04:04 GMT+0700 (Indochina Time)-{\"name\":\"Data Not found\",\"statusCode\":500,\"isOperational\":true}","private":true}
{"level":"error","message":"Wed Jun 28 2023 14:04:06 GMT+0700 (Indochina Time)-{\"name\":\"Data Not found\",\"statusCode\":500,\"isOperational\":true}","private":true}
{"level":"error","message":"Wed Jun 28 2023 14:06:08 GMT+0700 (Indochina Time)-{\"name\":\"Data Not found\",\"statusCode\":500,\"isOperational\":true}","private":true}
{"level":"error","message":"Wed Jun 28 2023 14:06:09 GMT+0700 (Indochina Time)-{\"name\":\"Data Not found\",\"statusCode\":500,\"isOperational\":true}","private":true}
{"level":"error","message":"Wed Jun 28 2023 14:06:49 GMT+0700 (Indochina Time)-{\"name\":\"Data Not found\",\"statusCode\":500,\"isOperational\":true}","private":true}
{"level":"error","message":"Wed Jun 28 2023 14:06:50 GMT+0700 (Indochina Time)-{\"name\":\"Data Not found\",\"statusCode\":500,\"isOperational\":true}","private":true}
{"level":"error","message":"Wed Jun 28 2023 14:08:14 GMT+0700 (Indochina Time)-{\"name\":\"Data Not found\",\"statusCode\":500,\"isOperational\":true}","private":true}
{"level":"error","message":"Wed Jun 28 2023 14:08:15 GMT+0700 (Indochina Time)-{\"name\":\"Data Not found\",\"statusCode\":500,\"isOperational\":true}","private":true}
{"level":"error","message":"Wed Jun 28 2023 14:08:47 GMT+0700 (Indochina Time)-{\"name\":\"Data Not found\",\"statusCode\":500,\"isOperational\":true}","private":true}
{"level":"error","message":"Wed Jun 28 2023 14:08:48 GMT+0700 (Indochina Time)-{\"name\":\"Data Not found\",\"statusCode\":500,\"isOperational\":true}","private":true}
{"level":"error","message":"Wed Jun 28 2023 14:09:49 GMT+0700 (Indochina Time)-{\"name\":\"Data Not found\",\"statusCode\":500,\"isOperational\":true}","private":true}
{"level":"error","message":"Wed Jun 28 2023 14:09:50 GMT+0700 (Indochina Time)-{\"name\":\"Data Not found\",\"statusCode\":500,\"isOperational\":true}","private":true}
{"level":"error","message":"Wed Jun 28 2023 14:10:57 GMT+0700 (Indochina Time)-{\"name\":\"Data Not found\",\"statusCode\":500,\"isOperational\":true}","private":true}
{"level":"error","message":"Wed Jun 28 2023 14:10:58 GMT+0700 (Indochina Time)-{\"name\":\"Data Not found\",\"statusCode\":500,\"isOperational\":true}","private":true}
{"level":"error","message":"Wed Jun 28 2023 14:14:32 GMT+0700 (Indochina Time)-{\"name\":\"Data Not found\",\"statusCode\":500,\"isOperational\":true}","private":true}
{"level":"error","message":"Wed Jun 28 2023 14:14:33 GMT+0700 (Indochina Time)-{\"name\":\"Data Not found\",\"statusCode\":500,\"isOperational\":true}","private":true}
{"level":"error","message":"Wed Jun 28 2023 14:15:25 GMT+0700 (Indochina Time)-{\"name\":\"Data Not found\",\"statusCode\":500,\"isOperational\":true}","private":true}
{"level":"error","message":"Wed Jun 28 2023 14:15:27 GMT+0700 (Indochina Time)-{\"name\":\"Data Not found\",\"statusCode\":500,\"isOperational\":true}","private":true}
{"level":"error","message":"Wed Jun 28 2023 14:17:19 GMT+0700 (Indochina Time)-{\"name\":\"Data Not found\",\"statusCode\":500,\"isOperational\":true}","private":true}
{"level":"error","message":"Wed Jun 28 2023 14:17:20 GMT+0700 (Indochina Time)-{\"name\":\"Data Not found\",\"statusCode\":500,\"isOperational\":true}","private":true}
{"level":"error","message":"Wed Jun 28 2023 14:18:23 GMT+0700 (Indochina Time)-{\"name\":\"Data Not found\",\"statusCode\":500,\"isOperational\":true}","private":true}
{"level":"error","message":"Wed Jun 28 2023 14:18:24 GMT+0700 (Indochina Time)-{\"name\":\"Data Not found\",\"statusCode\":500,\"isOperational\":true}","private":true}
{"level":"error","message":"Wed Jun 28 2023 14:21:06 GMT+0700 (Indochina Time)-{\"name\":\"Data Not found\",\"statusCode\":500,\"isOperational\":true}","private":true}
{"level":"error","message":"Wed Jun 28 2023 14:21:11 GMT+0700 (Indochina Time)-{\"name\":\"Data Not found\",\"statusCode\":500,\"isOperational\":true}","private":true}
{"level":"error","message":"Wed Jun 28 2023 14:21:11 GMT+0700 (Indochina Time)-{\"name\":\"Data Not found\",\"statusCode\":500,\"isOperational\":true}","private":true}
{"level":"error","message":"Wed Jun 28 2023 14:23:40 GMT+0700 (Indochina Time)-{\"name\":\"Data Not found\",\"statusCode\":500,\"isOperational\":true}","private":true}
{"level":"error","message":"Wed Jun 28 2023 14:23:43 GMT+0700 (Indochina Time)-{\"name\":\"Data Not found\",\"statusCode\":500,\"isOperational\":true}","private":true}
{"level":"error","message":"Wed Jun 28 2023 14:23:43 GMT+0700 (Indochina Time)-{\"name\":\"Data Not found\",\"statusCode\":500,\"isOperational\":true}","private":true}
{"level":"error","message":"Wed Jun 28 2023 14:25:56 GMT+0700 (Indochina Time)-{\"name\":\"Data Not found\",\"statusCode\":500,\"isOperational\":true}","private":true}
{"level":"error","message":"Wed Jun 28 2023 14:25:57 GMT+0700 (Indochina Time)-{\"name\":\"Data Not found\",\"statusCode\":500,\"isOperational\":true}","private":true}
{"level":"error","message":"Wed Jun 28 2023 14:25:57 GMT+0700 (Indochina Time)-{\"name\":\"Data Not found\",\"statusCode\":500,\"isOperational\":true}","private":true}
{"level":"error","message":"Wed Jun 28 2023 14:26:25 GMT+0700 (Indochina Time)-{\"name\":\"Data Not found\",\"statusCode\":500,\"isOperational\":true}","private":true}
{"level":"error","message":"Wed Jun 28 2023 14:27:33 GMT+0700 (Indochina Time)-{\"name\":\"Data Not found\",\"statusCode\":500,\"isOperational\":true}","private":true}
{"level":"error","message":"Wed Jun 28 2023 14:27:33 GMT+0700 (Indochina Time)-{\"name\":\"Data Not found\",\"statusCode\":500,\"isOperational\":true}","private":true}
{"level":"error","message":"Wed Jun 28 2023 14:27:40 GMT+0700 (Indochina Time)-{\"name\":\"Data Not found\",\"statusCode\":500,\"isOperational\":true}","private":true}
{"level":"error","message":"Wed Jun 28 2023 14:27:45 GMT+0700 (Indochina Time)-{\"name\":\"Data Not found\",\"statusCode\":500,\"isOperational\":true}","private":true}
{"level":"error","message":"Wed Jun 28 2023 14:27:45 GMT+0700 (Indochina Time)-{\"name\":\"Data Not found\",\"statusCode\":500,\"isOperational\":true}","private":true}
{"level":"error","message":"Wed Jun 28 2023 14:27:50 GMT+0700 (Indochina Time)-{\"name\":\"Data Not found\",\"statusCode\":500,\"isOperational\":true}","private":true}
{"level":"error","message":"Wed Jun 28 2023 14:27:53 GMT+0700 (Indochina Time)-{\"name\":\"Data Not found\",\"statusCode\":500,\"isOperational\":true}","private":true}
{"level":"error","message":"Wed Jun 28 2023 14:27:53 GMT+0700 (Indochina Time)-{\"name\":\"Data Not found\",\"statusCode\":500,\"isOperational\":true}","private":true}
{"level":"error","message":"Wed Jun 28 2023 14:28:05 GMT+0700 (Indochina Time)-{\"name\":\"Data Not found\",\"statusCode\":500,\"isOperational\":true}","private":true}
{"level":"error","message":"Wed Jun 28 2023 14:28:29 GMT+0700 (Indochina Time)-{\"name\":\"Data Not found\",\"statusCode\":500,\"isOperational\":true}","private":true}
{"level":"error","message":"Wed Jun 28 2023 14:28:33 GMT+0700 (Indochina Time)-{}","private":true}
{"level":"error","message":"Wed Jun 28 2023 14:29:26 GMT+0700 (Indochina Time)-{\"name\":\"Data Not found\",\"statusCode\":500,\"isOperational\":true}","private":true}
{"level":"error","message":"Wed Jun 28 2023 14:29:32 GMT+0700 (Indochina Time)-{}","private":true}
{"level":"error","message":"Wed Jun 28 2023 14:32:11 GMT+0700 (Indochina Time)-{\"name\":\"Data Not found\",\"statusCode\":500,\"isOperational\":true}","private":true}
{"level":"error","message":"Wed Jun 28 2023 14:32:14 GMT+0700 (Indochina Time)-{}","private":true}
{"level":"error","message":"Wed Jun 28 2023 14:33:11 GMT+0700 (Indochina Time)-{\"name\":\"Data Not found\",\"statusCode\":500,\"isOperational\":true}","private":true}
{"level":"error","message":"Wed Jun 28 2023 14:33:15 GMT+0700 (Indochina Time)-{}","private":true}
{"level":"error","message":"Wed Jun 28 2023 14:34:28 GMT+0700 (Indochina Time)-{\"name\":\"Data Not found\",\"statusCode\":500,\"isOperational\":true}","private":true}
{"level":"error","message":"Wed Jun 28 2023 14:34:37 GMT+0700 (Indochina Time)-{}","private":true}
{"level":"error","message":"Wed Jun 28 2023 14:35:45 GMT+0700 (Indochina Time)-{\"name\":\"Data Not found\",\"statusCode\":500,\"isOperational\":true}","private":true}
{"level":"error","message":"Wed Jun 28 2023 14:35:48 GMT+0700 (Indochina Time)-{}","private":true}
{"level":"error","message":"Wed Jun 28 2023 14:36:19 GMT+0700 (Indochina Time)-{\"name\":\"Data Not found\",\"statusCode\":500,\"isOperational\":true}","private":true}
{"level":"error","message":"Wed Jun 28 2023 14:36:20 GMT+0700 (Indochina Time)-{}","private":true}
{"level":"error","message":"Wed Jun 28 2023 14:37:33 GMT+0700 (Indochina Time)-{\"name\":\"Data Not found\",\"statusCode\":500,\"isOperational\":true}","private":true}
{"level":"error","message":"Wed Jun 28 2023 14:37:34 GMT+0700 (Indochina Time)-{}","private":true}
{"level":"error","message":"Wed Jun 28 2023 14:38:55 GMT+0700 (Indochina Time)-{\"name\":\"Data Not found\",\"statusCode\":500,\"isOperational\":true}","private":true}
{"level":"error","message":"Wed Jun 28 2023 14:38:58 GMT+0700 (Indochina Time)-{}","private":true}
{"level":"error","message":"Wed Jun 28 2023 14:41:49 GMT+0700 (Indochina Time)-{\"name\":\"Data Not found\",\"statusCode\":500,\"isOperational\":true}","private":true}
{"level":"error","message":"Wed Jun 28 2023 14:41:52 GMT+0700 (Indochina Time)-{}","private":true}
{"level":"error","message":"Wed Jun 28 2023 14:49:26 GMT+0700 (Indochina Time)-{\"name\":\"Data Not found\",\"statusCode\":500,\"isOperational\":true}","private":true}
{"level":"error","message":"Wed Jun 28 2023 14:49:28 GMT+0700 (Indochina Time)-{\"name\":\"Data Not found\",\"statusCode\":500,\"isOperational\":true}","private":true}
{"level":"error","message":"Wed Jun 28 2023 17:35:06 GMT+0700 (Indochina Time)-{\"name\":\"Data Not found\",\"statusCode\":500,\"isOperational\":true}","private":true}
{"level":"error","message":"Wed Jun 28 2023 17:35:43 GMT+0700 (Indochina Time)-{\"name\":\"Data Not found\",\"statusCode\":500,\"isOperational\":true}","private":true}
{"level":"error","message":"Wed Jun 28 2023 17:37:59 GMT+0700 (Indochina Time)-{\"name\":\"Data Not found\",\"statusCode\":500,\"isOperational\":true}","private":true}
{"level":"error","message":"Wed Jun 28 2023 17:38:02 GMT+0700 (Indochina Time)-{\"name\":\"Data Not found\",\"statusCode\":500,\"isOperational\":true}","private":true}
{"level":"error","message":"Wed Jun 28 2023 17:38:08 GMT+0700 (Indochina Time)-{\"name\":\"Data Not found\",\"statusCode\":500,\"isOperational\":true}","private":true}
{"level":"error","message":"Wed Jun 28 2023 17:38:14 GMT+0700 (Indochina Time)-{\"name\":\"Data Not found\",\"statusCode\":500,\"isOperational\":true}","private":true}
{"level":"error","message":"Wed Jun 28 2023 17:38:15 GMT+0700 (Indochina Time)-{\"name\":\"Data Not found\",\"statusCode\":500,\"isOperational\":true}","private":true}
{"level":"error","message":"Wed Jun 28 2023 17:38:36 GMT+0700 (Indochina Time)-{\"name\":\"Data Not found\",\"statusCode\":500,\"isOperational\":true}","private":true}
{"level":"error","message":"Wed Jun 28 2023 17:41:49 GMT+0700 (Indochina Time)-{\"name\":\"Data Not found\",\"statusCode\":500,\"isOperational\":true}","private":true}
{"level":"error","message":"Wed Jun 28 2023 17:41:51 GMT+0700 (Indochina Time)-{\"name\":\"Data Not found\",\"statusCode\":500,\"isOperational\":true}","private":true}
{"level":"error","message":"Wed Jun 28 2023 17:50:05 GMT+0700 (Indochina Time)-{\"name\":\"Data Not found\",\"statusCode\":500,\"isOperational\":true}","private":true}
{"level":"error","message":"Wed Jun 28 2023 17:50:47 GMT+0700 (Indochina Time)-{\"name\":\"Data Not found\",\"statusCode\":500,\"isOperational\":true}","private":true}
{"level":"error","message":"Wed Jun 28 2023 17:52:25 GMT+0700 (Indochina Time)-{\"name\":\"Data Not found\",\"statusCode\":500,\"isOperational\":true}","private":true}
{"level":"error","message":"Wed Jun 28 2023 17:53:03 GMT+0700 (Indochina Time)-{\"name\":\"Data Not found\",\"statusCode\":500,\"isOperational\":true}","private":true}
{"level":"error","message":"Wed Jun 28 2023 17:53:33 GMT+0700 (Indochina Time)-{\"name\":\"Data Not found\",\"statusCode\":500,\"isOperational\":true}","private":true}
{"level":"error","message":"Wed Jun 28 2023 17:53:58 GMT+0700 (Indochina Time)-{\"name\":\"Data Not found\",\"statusCode\":500,\"isOperational\":true}","private":true}
{"level":"error","message":"Wed Jun 28 2023 17:59:03 GMT+0700 (Indochina Time)-{\"name\":\"Data Not found\",\"statusCode\":500,\"isOperational\":true}","private":true}
{"level":"error","message":"Wed Jun 28 2023 17:59:23 GMT+0700 (Indochina Time)-{\"name\":\"Data Not found\",\"statusCode\":500,\"isOperational\":true}","private":true}
{"level":"error","message":"Wed Jun 28 2023 18:00:58 GMT+0700 (Indochina Time)-{\"name\":\"Data Not found\",\"statusCode\":500,\"isOperational\":true}","private":true}
{"level":"error","message":"Wed Jun 28 2023 18:16:50 GMT+0700 (Indochina Time)-{\"name\":\"Data Not found\",\"statusCode\":500,\"isOperational\":true}","private":true}
{"level":"error","message":"Wed Jun 28 2023 18:17:08 GMT+0700 (Indochina Time)-{\"name\":\"Data Not found\",\"statusCode\":500,\"isOperational\":true}","private":true}
{"level":"error","message":"Wed Jun 28 2023 18:17:12 GMT+0700 (Indochina Time)-{\"name\":\"Data Not found\",\"statusCode\":500,\"isOperational\":true}","private":true}
{"level":"error","message":"Wed Jun 28 2023 18:17:14 GMT+0700 (Indochina Time)-{\"name\":\"Data Not found\",\"statusCode\":500,\"isOperational\":true}","private":true}
{"level":"error","message":"Wed Jun 28 2023 18:18:45 GMT+0700 (Indochina Time)-{\"name\":\"Data Not found\",\"statusCode\":500,\"isOperational\":true}","private":true}
{"level":"error","message":"Wed Jun 28 2023 18:18:51 GMT+0700 (Indochina Time)-{\"name\":\"Data Not found\",\"statusCode\":500,\"isOperational\":true}","private":true}
{"level":"error","message":"Wed Jun 28 2023 20:41:28 GMT+0700 (Indochina Time)-{\"name\":\"Data Not found\",\"statusCode\":500,\"isOperational\":true}","private":true}
{"level":"error","message":"Wed Jun 28 2023 20:42:44 GMT+0700 (Indochina Time)-{\"name\":\"Data Not found\",\"statusCode\":500,\"isOperational\":true}","private":true}
{"level":"error","message":"Wed Jun 28 2023 20:42:45 GMT+0700 (Indochina Time)-{\"name\":\"Data Not found\",\"statusCode\":500,\"isOperational\":true}","private":true}
{"level":"error","message":"Wed Jun 28 2023 20:42:49 GMT+0700 (Indochina Time)-{\"name\":\"Data Not found\",\"statusCode\":500,\"isOperational\":true}","private":true}
{"level":"error","message":"Wed Jun 28 2023 20:42:52 GMT+0700 (Indochina Time)-{\"name\":\"Data Not found\",\"statusCode\":500,\"isOperational\":true}","private":true}
{"level":"error","message":"Wed Jun 28 2023 20:42:57 GMT+0700 (Indochina Time)-{\"name\":\"Data Not found\",\"statusCode\":500,\"isOperational\":true}","private":true}
{"level":"error","message":"Wed Jun 28 2023 20:43:10 GMT+0700 (Indochina Time)-{\"name\":\"Data Not found\",\"statusCode\":500,\"isOperational\":true}","private":true}
{"level":"error","message":"Wed Jun 28 2023 20:44:57 GMT+0700 (Indochina Time)-{\"name\":\"Data Not found\",\"statusCode\":500,\"isOperational\":true}","private":true}
{"level":"error","message":"Wed Jun 28 2023 20:45:14 GMT+0700 (Indochina Time)-{\"name\":\"Data Not found\",\"statusCode\":500,\"isOperational\":true}","private":true}
{"level":"error","message":"Wed Jun 28 2023 20:45:17 GMT+0700 (Indochina Time)-{\"name\":\"Data Not found\",\"statusCode\":500,\"isOperational\":true}","private":true}
{"level":"error","message":"Wed Jun 28 2023 20:45:43 GMT+0700 (Indochina Time)-{\"name\":\"Data Not found\",\"statusCode\":500,\"isOperational\":true}","private":true}
{"level":"error","message":"Wed Jun 28 2023 20:46:08 GMT+0700 (Indochina Time)-{\"name\":\"Data Not found\",\"statusCode\":500,\"isOperational\":true}","private":true}
{"level":"error","message":"Wed Jun 28 2023 20:46:09 GMT+0700 (Indochina Time)-{\"name\":\"Data Not found\",\"statusCode\":500,\"isOperational\":true}","private":true}
{"level":"error","message":"Wed Jun 28 2023 20:46:10 GMT+0700 (Indochina Time)-{\"name\":\"Data Not found\",\"statusCode\":500,\"isOperational\":true}","private":true}
{"level":"error","message":"Wed Jun 28 2023 20:46:12 GMT+0700 (Indochina Time)-{\"name\":\"Data Not found\",\"statusCode\":500,\"isOperational\":true}","private":true}
{"level":"error","message":"Wed Jun 28 2023 20:46:12 GMT+0700 (Indochina Time)-{\"name\":\"Data Not found\",\"statusCode\":500,\"isOperational\":true}","private":true}
{"level":"error","message":"Wed Jun 28 2023 20:46:13 GMT+0700 (Indochina Time)-{\"name\":\"Data Not found\",\"statusCode\":500,\"isOperational\":true}","private":true}
{"level":"error","message":"Wed Jun 28 2023 20:46:29 GMT+0700 (Indochina Time)-{\"name\":\"Data Not found\",\"statusCode\":500,\"isOperational\":true}","private":true}
{"level":"error","message":"Wed Jun 28 2023 20:46:33 GMT+0700 (Indochina Time)-{\"name\":\"Data Not found\",\"statusCode\":500,\"isOperational\":true}","private":true}
{"level":"error","message":"Wed Jun 28 2023 20:49:10 GMT+0700 (Indochina Time)-{\"name\":\"Data Not found\",\"statusCode\":500,\"isOperational\":true}","private":true}
{"level":"error","message":"Wed Jun 28 2023 20:49:52 GMT+0700 (Indochina Time)-{\"name\":\"Data Not found\",\"statusCode\":500,\"isOperational\":true}","private":true}
{"level":"error","message":"Wed Jun 28 2023 20:49:54 GMT+0700 (Indochina Time)-{\"name\":\"Data Not found\",\"statusCode\":500,\"isOperational\":true}","private":true}
{"level":"error","message":"Wed Jun 28 2023 20:50:04 GMT+0700 (Indochina Time)-{\"name\":\"Data Not found\",\"statusCode\":500,\"isOperational\":true}","private":true}
{"level":"error","message":"Wed Jun 28 2023 20:50:06 GMT+0700 (Indochina Time)-{\"name\":\"Data Not found\",\"statusCode\":500,\"isOperational\":true}","private":true}
{"level":"error","message":"Wed Jun 28 2023 20:50:23 GMT+0700 (Indochina Time)-{\"name\":\"Data Not found\",\"statusCode\":500,\"isOperational\":true}","private":true}
{"level":"error","message":"Wed Jun 28 2023 20:50:25 GMT+0700 (Indochina Time)-{\"name\":\"Data Not found\",\"statusCode\":500,\"isOperational\":true}","private":true}
{"level":"error","message":"Wed Jun 28 2023 20:51:02 GMT+0700 (Indochina Time)-{\"name\":\"Data Not found\",\"statusCode\":500,\"isOperational\":true}","private":true}
{"level":"error","message":"Wed Jun 28 2023 20:51:04 GMT+0700 (Indochina Time)-{\"name\":\"Data Not found\",\"statusCode\":500,\"isOperational\":true}","private":true}
{"level":"error","message":"Wed Jun 28 2023 20:57:41 GMT+0700 (Indochina Time)-{\"name\":\"Data Not found\",\"statusCode\":500,\"isOperational\":true}","private":true}
{"level":"error","message":"Wed Jun 28 2023 20:58:24 GMT+0700 (Indochina Time)-{\"name\":\"Data Not found\",\"statusCode\":500,\"isOperational\":true}","private":true}
{"level":"error","message":"Wed Jun 28 2023 20:58:50 GMT+0700 (Indochina Time)-{\"name\":\"Data Not found\",\"statusCode\":500,\"isOperational\":true}","private":true}
{"level":"error","message":"Wed Jun 28 2023 20:59:05 GMT+0700 (Indochina Time)-{\"name\":\"Data Not found\",\"statusCode\":500,\"isOperational\":true}","private":true}
{"level":"error","message":"Wed Jun 28 2023 21:00:04 GMT+0700 (Indochina Time)-{\"name\":\"Data Not found\",\"statusCode\":500,\"isOperational\":true}","private":true}
{"level":"error","message":"Wed Jun 28 2023 21:00:07 GMT+0700 (Indochina Time)-{\"name\":\"Data Not found\",\"statusCode\":500,\"isOperational\":true}","private":true}
{"level":"error","message":"Wed Jun 28 2023 21:00:09 GMT+0700 (Indochina Time)-{\"name\":\"Data Not found\",\"statusCode\":500,\"isOperational\":true}","private":true}
{"level":"error","message":"Wed Jun 28 2023 21:00:13 GMT+0700 (Indochina Time)-{\"name\":\"Data Not found\",\"statusCode\":500,\"isOperational\":true}","private":true}
{"level":"error","message":"Wed Jun 28 2023 21:00:23 GMT+0700 (Indochina Time)-{\"name\":\"Data Not found\",\"statusCode\":500,\"isOperational\":true}","private":true}
{"level":"error","message":"Wed Jun 28 2023 21:00:40 GMT+0700 (Indochina Time)-{\"name\":\"Data Not found\",\"statusCode\":500,\"isOperational\":true}","private":true}
{"level":"error","message":"Wed Jun 28 2023 21:00:43 GMT+0700 (Indochina Time)-{\"name\":\"Data Not found\",\"statusCode\":500,\"isOperational\":true}","private":true}
{"level":"error","message":"Wed Jun 28 2023 21:01:17 GMT+0700 (Indochina Time)-{\"name\":\"Data Not found\",\"statusCode\":500,\"isOperational\":true}","private":true}
{"level":"error","message":"Wed Jun 28 2023 21:01:23 GMT+0700 (Indochina Time)-{\"name\":\"Data Not found\",\"statusCode\":500,\"isOperational\":true}","private":true}
{"level":"error","message":"Wed Jun 28 2023 21:02:31 GMT+0700 (Indochina Time)-{\"name\":\"Data Not found\",\"statusCode\":500,\"isOperational\":true}","private":true}
{"level":"error","message":"Wed Jun 28 2023 21:02:52 GMT+0700 (Indochina Time)-{\"name\":\"Data Not found\",\"statusCode\":500,\"isOperational\":true}","private":true}
{"level":"error","message":"Wed Jun 28 2023 21:02:54 GMT+0700 (Indochina Time)-{\"name\":\"Data Not found\",\"statusCode\":500,\"isOperational\":true}","private":true}
{"level":"error","message":"Wed Jun 28 2023 21:02:55 GMT+0700 (Indochina Time)-{\"name\":\"Data Not found\",\"statusCode\":500,\"isOperational\":true}","private":true}
